<html>
<head>
<title>TestNG:  Command line test</title>
<link href="../testng.css" rel="stylesheet" type="text/css" />
<link href="../my-testng.css" rel="stylesheet" type="text/css" />

<style type="text/css">
.log { display: none;} 
.stack-trace { display: none;} 
</style>
<script type="text/javascript">
<!--
function flip(e) {
  current = e.style.display;
  if (current == 'block') {
    e.style.display = 'none';
    return 0;
  }
  else {
    e.style.display = 'block';
    return 1;
  }
}

function toggleBox(szDivId, elem, msg1, msg2)
{
  var res = -1;  if (document.getElementById) {
    res = flip(document.getElementById(szDivId));
  }
  else if (document.all) {
    // this is the way old msie versions work
    res = flip(document.all[szDivId]);
  }
  if(elem) {
    if(res == 0) elem.innerHTML = msg1; else elem.innerHTML = msg2;
  }

}

function toggleAllBoxes() {
  if (document.getElementsByTagName) {
    d = document.getElementsByTagName('div');
    for (i = 0; i < d.length; i++) {
      if (d[i].className == 'log') {
        flip(d[i]);
      }
    }
  }
}

// -->
</script>

</head>
<body>
<h2 align='center'>Command line test</h2><table border='1' align="center">
<tr>
<td>Tests passed/Failed/Skipped:</td><td>7/1/0</td>
</tr><tr>
<td>Started on:</td><td>Wed Dec 30 08:54:26 EST 2020</td>
</tr>
<tr><td>Total time:</td><td>294 seconds (294785 ms)</td>
</tr><tr>
<td>Included groups:</td><td></td>
</tr><tr>
<td>Excluded groups:</td><td></td>
</tr>
</table><p/>
<small><i>(Hover the method name to see the test class name)</i></small><p/>
<table width='100%' border='1' class='invocation-failed'>
<tr><td colspan='4' align='center'><b>FAILED TESTS</b></td></tr>
<tr><td><b>Test method</b></td>
<td width="30%"><b>Exception</b></td>
<td width="10%"><b>Time (seconds)</b></td>
<td><b>Instance</b></td>
</tr>
<tr>
<td title='example.ios.Tests.FollowLinkTest.verifyLinkTest()'><b>verifyLinkTest</b><br>Test class: example.ios.Tests.FollowLinkTest<br>Parameters: iOS, iPad Pro (12.9 inch) Simulator, 12.2, 1.13.0, portrait, public void example.ios.Tests.FollowLinkTest.verifyLinkTest(java.lang.String,java.lang.String,java.lang.String,java.lang.String,java.lang.String,java.lang.reflect.Method) throws java.net.MalformedURLException,org.openqa.selenium.InvalidElementStateException,java.rmi.UnexpectedException</td>
<td><div><pre>java.lang.AssertionError: expected [false] but found [true]
	at example.ios.Tests.FollowLinkTest.verifyLinkTest(FollowLinkTest.java:41)
	at java.util.concurrent.FutureTask.run(FutureTask.java:266)
	at java.util.concurrent.Executors$RunnableAdapter.call(Executors.java:511)
	at java.util.concurrent.FutureTask.run(FutureTask.java:266)
	at java.util.concurrent.ThreadPoolExecutor.runWorker(ThreadPoolExecutor.java:1149)
	at java.util.concurrent.ThreadPoolExecutor$Worker.run(ThreadPoolExecutor.java:624)
	at java.lang.Thread.run(Thread.java:748)
... Removed 13 stack frames</pre></div><a href='#' onClick='toggleBox("stack-trace1981174598", this, "Click to show all stack frames", "Click to hide stack frames")'>Click to show all stack frames</a>
<div class='stack-trace' id='stack-trace1981174598'><pre>java.lang.AssertionError: expected [false] but found [true]
	at org.testng.Assert.fail(Assert.java:94)
	at org.testng.Assert.failNotEquals(Assert.java:513)
	at org.testng.Assert.assertFalse(Assert.java:63)
	at org.testng.Assert.assertFalse(Assert.java:73)
	at example.ios.Tests.FollowLinkTest.verifyLinkTest(FollowLinkTest.java:41)
	at sun.reflect.NativeMethodAccessorImpl.invoke0(Native Method)
	at sun.reflect.NativeMethodAccessorImpl.invoke(NativeMethodAccessorImpl.java:62)
	at sun.reflect.DelegatingMethodAccessorImpl.invoke(DelegatingMethodAccessorImpl.java:43)
	at java.lang.reflect.Method.invoke(Method.java:498)
	at org.testng.internal.MethodInvocationHelper.invokeMethod(MethodInvocationHelper.java:104)
	at org.testng.internal.Invoker.invokeMethod(Invoker.java:645)
	at org.testng.internal.Invoker.invokeTestMethod(Invoker.java:851)
	at org.testng.internal.TestMethodWithDataProviderMethodWorker.call(TestMethodWithDataProviderMethodWorker.java:75)
	at org.testng.internal.TestMethodWithDataProviderMethodWorker.call(TestMethodWithDataProviderMethodWorker.java:14)
	at java.util.concurrent.FutureTask.run(FutureTask.java:266)
	at java.util.concurrent.Executors$RunnableAdapter.call(Executors.java:511)
	at java.util.concurrent.FutureTask.run(FutureTask.java:266)
	at java.util.concurrent.ThreadPoolExecutor.runWorker(ThreadPoolExecutor.java:1149)
	at java.util.concurrent.ThreadPoolExecutor$Worker.run(ThreadPoolExecutor.java:624)
	at java.lang.Thread.run(Thread.java:748)
</pre></div></td>
<td>71</td>
<td>example.ios.Tests.FollowLinkTest@57baeedf</td></tr>
</table><p>
<table width='100%' border='1' class='invocation-passed'>
<tr><td colspan='4' align='center'><b>PASSED TESTS</b></td></tr>
<tr><td><b>Test method</b></td>
<td width="30%"><b>Exception</b></td>
<td width="10%"><b>Time (seconds)</b></td>
<td><b>Instance</b></td>
</tr>
<tr>
<td title='example.android.Tests.TextInputTest.verifyCommentInputTest()'><b>verifyCommentInputTest</b><br>Test class: example.android.Tests.TextInputTest<br>Parameters: Android, Samsung Galaxy Tab S3 GoogleAPI Emulator, 8.1, 1.9.1, portrait, public void example.android.Tests.TextInputTest.verifyCommentInputTest(java.lang.String,java.lang.String,java.lang.String,java.lang.String,java.lang.String,java.lang.reflect.Method) throws java.net.MalformedURLException,org.openqa.selenium.InvalidElementStateException,java.rmi.UnexpectedException</td>
<td></td>
<td>47</td>
<td>example.android.Tests.TextInputTest@343f4d3d</td></tr>
<tr>
<td title='example.android.Tests.TextInputTest.verifyCommentInputTest()'><b>verifyCommentInputTest</b><br>Test class: example.android.Tests.TextInputTest<br>Parameters: Android, Samsung Galaxy S9 Plus FHD GoogleAPI Emulator, 8.1, 1.9.1, portrait, public void example.android.Tests.TextInputTest.verifyCommentInputTest(java.lang.String,java.lang.String,java.lang.String,java.lang.String,java.lang.String,java.lang.reflect.Method) throws java.net.MalformedURLException,org.openqa.selenium.InvalidElementStateException,java.rmi.UnexpectedException</td>
<td></td>
<td>48</td>
<td>example.android.Tests.TextInputTest@343f4d3d</td></tr>
<tr>
<td title='example.ios.Tests.TextInputTest.verifyCommentInputTest()'><b>verifyCommentInputTest</b><br>Test class: example.ios.Tests.TextInputTest<br>Parameters: iOS, iPhone X Simulator, 12.2, 1.13.0, portrait, public void example.ios.Tests.TextInputTest.verifyCommentInputTest(java.lang.String,java.lang.String,java.lang.String,java.lang.String,java.lang.String,java.lang.reflect.Method) throws java.net.MalformedURLException,org.openqa.selenium.InvalidElementStateException,java.rmi.UnexpectedException</td>
<td></td>
<td>75</td>
<td>example.ios.Tests.TextInputTest@42e26948</td></tr>
<tr>
<td title='example.ios.Tests.TextInputTest.verifyCommentInputTest()'><b>verifyCommentInputTest</b><br>Test class: example.ios.Tests.TextInputTest<br>Parameters: iOS, iPad Pro (12.9 inch) Simulator, 12.2, 1.13.0, portrait, public void example.ios.Tests.TextInputTest.verifyCommentInputTest(java.lang.String,java.lang.String,java.lang.String,java.lang.String,java.lang.String,java.lang.reflect.Method) throws java.net.MalformedURLException,org.openqa.selenium.InvalidElementStateException,java.rmi.UnexpectedException</td>
<td></td>
<td>117</td>
<td>example.ios.Tests.TextInputTest@42e26948</td></tr>
<tr>
<td title='example.android.Tests.FollowLinkTest.verifyLinkTest()'><b>verifyLinkTest</b><br>Test class: example.android.Tests.FollowLinkTest<br>Parameters: Android, Samsung Galaxy S9 Plus FHD GoogleAPI Emulator, 8.1, 1.9.1, portrait, public void example.android.Tests.FollowLinkTest.verifyLinkTest(java.lang.String,java.lang.String,java.lang.String,java.lang.String,java.lang.String,java.lang.reflect.Method) throws java.net.MalformedURLException,org.openqa.selenium.InvalidElementStateException,java.rmi.UnexpectedException</td>
<td></td>
<td>39</td>
<td>example.android.Tests.FollowLinkTest@53b32d7</td></tr>
<tr>
<td title='example.android.Tests.FollowLinkTest.verifyLinkTest()'><b>verifyLinkTest</b><br>Test class: example.android.Tests.FollowLinkTest<br>Parameters: Android, Samsung Galaxy Tab S3 GoogleAPI Emulator, 8.1, 1.9.1, portrait, public void example.android.Tests.FollowLinkTest.verifyLinkTest(java.lang.String,java.lang.String,java.lang.String,java.lang.String,java.lang.String,java.lang.reflect.Method) throws java.net.MalformedURLException,org.openqa.selenium.InvalidElementStateException,java.rmi.UnexpectedException</td>
<td></td>
<td>47</td>
<td>example.android.Tests.FollowLinkTest@53b32d7</td></tr>
<tr>
<td title='example.ios.Tests.FollowLinkTest.verifyLinkTest()'><b>verifyLinkTest</b><br>Test class: example.ios.Tests.FollowLinkTest<br>Parameters: iOS, iPhone X Simulator, 12.2, 1.13.0, portrait, public void example.ios.Tests.FollowLinkTest.verifyLinkTest(java.lang.String,java.lang.String,java.lang.String,java.lang.String,java.lang.String,java.lang.reflect.Method) throws java.net.MalformedURLException,org.openqa.selenium.InvalidElementStateException,java.rmi.UnexpectedException</td>
<td></td>
<td>69</td>
<td>example.ios.Tests.FollowLinkTest@57baeedf</td></tr>
</table><p>
</body>
</html>